[2023-06-19 00:59:59] [ INFO ] [ClinicaOdontologicaApplication:24] La aplicacion se encuentra en ejecucion
[2023-06-19 01:08:42] [ INFO ] [OdontologoService:67] Se ha agregado el odontologo
[2023-06-19 01:08:43] [ INFO ] [OdontologoService:46] Se encontro el odontologo y se convertira a DTO para ser devuelto
[2023-06-19 01:08:43] [ INFO ] [OdontologoService:67] Se ha agregado el odontologo
[2023-06-19 01:08:43] [ INFO ] [OdontologoService:73] Se ha eliminado el odontologo
[2023-06-19 01:08:43] [ INFO ] [OdontologoService:67] Se ha agregado el odontologo
[2023-06-19 01:08:43] [ INFO ] [OdontologoService:67] Se ha agregado el odontologo
[2023-06-19 01:08:43] [ INFO ] [OdontologoService:59] Se esta iterando el array de odontologos
[2023-06-19 01:08:43] [ INFO ] [OdontologoService:59] Se esta iterando el array de odontologos
[2023-06-19 01:08:43] [ INFO ] [OdontologoService:59] Se esta iterando el array de odontologos
[2023-06-19 01:08:43] [ INFO ] [OdontologoService:67] Se ha agregado el odontologo
[2023-06-19 01:11:54] [ INFO ] [OdontologoService:67] Odontologo - guardar: Se ha agregado el odontologo
[2023-06-19 01:11:55] [ INFO ] [OdontologoService:46] Odontologo - buscarPorId: Se encontro el odontologo y se convertira a DTO para ser devuelto
[2023-06-19 01:11:55] [ INFO ] [OdontologoService:67] Odontologo - guardar: Se ha agregado el odontologo
[2023-06-19 01:11:55] [ INFO ] [OdontologoService:73] Odontologo - eliminar: Se ha eliminado el odontologo
[2023-06-19 01:11:55] [ INFO ] [OdontologoService:67] Odontologo - guardar: Se ha agregado el odontologo
[2023-06-19 01:11:55] [ INFO ] [OdontologoService:67] Odontologo - guardar: Se ha agregado el odontologo
[2023-06-19 01:11:55] [ INFO ] [OdontologoService:59] Odontologo - buscarTodos: Se esta iterando el array de odontologos
[2023-06-19 01:11:55] [ INFO ] [OdontologoService:59] Odontologo - buscarTodos: Se esta iterando el array de odontologos
[2023-06-19 01:11:55] [ INFO ] [OdontologoService:59] Odontologo - buscarTodos: Se esta iterando el array de odontologos
[2023-06-19 01:11:55] [ INFO ] [OdontologoService:67] Odontologo - guardar: Se ha agregado el odontologo
[2023-06-19 01:30:25] [ INFO ] [DomicilioService:52] Domicilio - buscarTodos: Se ha agregado el domicilio
[2023-06-19 01:30:25] [ INFO ] [DomicilioService:39] Domicilio - buscarPorId: Se ha actualizado el domicilio
[2023-06-19 01:30:25] [ INFO ] [DomicilioService:52] Domicilio - buscarTodos: Se ha agregado el domicilio
[2023-06-19 01:30:25] [ INFO ] [DomicilioService:52] Domicilio - buscarTodos: Se ha agregado el domicilio
[2023-06-19 01:30:25] [ INFO ] [DomicilioService:46] Domicilio - buscarTodos: Se mostrara la lista de domicilios
[2023-06-19 01:30:25] [ INFO ] [DomicilioService:52] Domicilio - buscarTodos: Se ha agregado el domicilio
[2023-06-19 01:30:25] [ INFO ] [DomicilioService:52] Domicilio - buscarTodos: Se ha agregado el domicilio
[2023-06-19 01:30:25] [ INFO ] [DomicilioService:58] Domicilio - buscarTodos: Se ha eliminado el domicilio
[2023-06-19 01:36:39] [ INFO ] [DomicilioService:52] Domicilio - buscarTodos: Se va agregar el domicilio
[2023-06-19 01:36:39] [ INFO ] [PacienteService:71] Paciente - guardar: Se va agregar el paciente
[2023-06-19 01:36:39] [ INFO ] [DomicilioService:52] Domicilio - buscarTodos: Se va agregar el domicilio
[2023-06-19 01:36:39] [ INFO ] [PacienteService:71] Paciente - guardar: Se va agregar el paciente
[2023-06-19 01:36:39] [ INFO ] [PacienteService:77] Paciente - eliminar: Se va eliminar el paciente
[2023-06-19 01:36:39] [ INFO ] [DomicilioService:52] Domicilio - buscarTodos: Se va agregar el domicilio
[2023-06-19 01:36:39] [ INFO ] [PacienteService:71] Paciente - guardar: Se va agregar el paciente
[2023-06-19 01:36:39] [ INFO ] [PacienteService:71] Paciente - guardar: Se va agregar el paciente
[2023-06-19 01:36:39] [ INFO ] [DomicilioService:46] Domicilio - buscarTodos: Se mostrara la lista de domicilios
[2023-06-19 01:36:40] [ INFO ] [DomicilioService:52] Domicilio - buscarTodos: Se va agregar el domicilio
[2023-06-19 01:36:40] [ INFO ] [PacienteService:71] Paciente - guardar: Se va agregar el paciente
[2023-06-19 01:36:40] [ INFO ] [PacienteService:49] Paciente - buscarPorId: Se encontro el paciente y se convertira a DTO para ser devuelto
[2023-06-19 01:41:32] [ INFO ] [DomicilioService:52] Domicilio - buscarTodos: Se va agregar el domicilio
[2023-06-19 01:41:32] [ INFO ] [PacienteService:71] Paciente - guardar: Se va agregar el paciente
[2023-06-19 01:41:32] [ INFO ] [OdontologoService:67] Odontologo - guardar: Se va agregar el odontologo
[2023-06-19 01:41:32] [ INFO ] [TurnoService:72] Turno - guardar: Se va agregar el turno
[2023-06-19 01:41:32] [ INFO ] [TurnoService:50] Turno - buscarPorId: Se encontro el turno y se convertira a DTO para ser devuelto
[2023-06-19 01:41:32] [ INFO ] [DomicilioService:52] Domicilio - buscarTodos: Se va agregar el domicilio
[2023-06-19 01:41:32] [ INFO ] [PacienteService:71] Paciente - guardar: Se va agregar el paciente
[2023-06-19 01:41:32] [ INFO ] [OdontologoService:67] Odontologo - guardar: Se va agregar el odontologo
[2023-06-19 01:41:32] [ INFO ] [TurnoService:72] Turno - guardar: Se va agregar el turno
[2023-06-19 01:41:32] [ INFO ] [TurnoService:64] Turno - buscarTodos: Se esta iterando el array de turnos
[2023-06-19 01:41:32] [ INFO ] [DomicilioService:52] Domicilio - buscarTodos: Se va agregar el domicilio
[2023-06-19 01:41:32] [ INFO ] [PacienteService:71] Paciente - guardar: Se va agregar el paciente
[2023-06-19 01:41:32] [ INFO ] [OdontologoService:67] Odontologo - guardar: Se va agregar el odontologo
[2023-06-19 01:41:32] [ INFO ] [TurnoService:72] Turno - guardar: Se va agregar el turno
[2023-06-19 01:41:33] [ INFO ] [DomicilioService:52] Domicilio - buscarTodos: Se va agregar el domicilio
[2023-06-19 01:41:33] [ INFO ] [PacienteService:71] Paciente - guardar: Se va agregar el paciente
[2023-06-19 01:41:33] [ INFO ] [OdontologoService:67] Odontologo - guardar: Se va agregar el odontologo
[2023-06-19 01:41:33] [ INFO ] [TurnoService:72] Turno - guardar: Se va agregar el turno
[2023-06-19 01:41:33] [ INFO ] [TurnoService:78] Turno - eliminar: Se va eliminar el turno
[2023-06-19 15:58:15] [ INFO ] [OdontologoService:67] Odontologo - guardar: Se va agregar el odontologo
[2023-06-19 15:58:18] [ INFO ] [OdontologoService:67] Odontologo - guardar: Se va agregar el odontologo
[2023-06-19 15:58:25] [ INFO ] [OdontologoService:59] Odontologo - buscarTodos: Se esta iterando el array de odontologos
[2023-06-19 15:58:25] [ INFO ] [OdontologoService:59] Odontologo - buscarTodos: Se esta iterando el array de odontologos
[2023-06-19 15:58:38] [ INFO ] [OdontologoService:46] Odontologo - buscarPorId: Se encontro el odontologo y se convertira a DTO para ser devuelto
[2023-06-19 15:59:16] [ WARN ] [OdontologoService:49] Odontologo - buscarPorId: No se encontro ningun odontologo con ese ID
[2023-06-19 16:02:05] [ WARN ] [OdontologoService:49] Odontologo - buscarPorId: No se encontro ningun odontologo con ese ID
[2023-06-19 16:02:05] [ ERROR] [GlobalExceptionHandler:18] El odontologo no existe
[2023-06-19 16:02:30] [ WARN ] [OdontologoService:49] Odontologo - buscarPorId: No se encontro ningun odontologo con ese ID
[2023-06-19 16:02:30] [ ERROR] [GlobalExceptionHandler:18] El odontologo no existe
[2023-06-19 16:02:36] [ INFO ] [DomicilioService:46] Domicilio - buscarTodos: Se mostrara la lista de domicilios
[2023-06-19 16:02:50] [ INFO ] [DomicilioService:58] Domicilio - buscarTodos: Se va eliminar el domicilio
[2023-06-19 16:02:50] [ ERROR] [GlobalExceptionHandler:18] No class com.company.ClinicaOdontologica.entity.Domicilio entity with id 1 exists!
[2023-06-19 16:05:51] [ INFO ] [OdontologoService:73] Odontologo - eliminar: Se va eliminar el odontologo
[2023-06-19 16:05:51] [ ERROR] [GlobalExceptionHandler:18] No class com.company.ClinicaOdontologica.entity.Odontologo entity with id 3 exists!
[2023-06-19 16:07:19] [ WARN ] [OdontologoService:49] Odontologo - buscarPorId: No se encontro ningun odontologo con ese ID
[2023-06-19 16:07:19] [ ERROR] [GlobalExceptionHandler:18] El odontologo no existe
[2023-06-19 16:11:13] [ INFO ] [OdontologoService:67] Odontologo - guardar: Se va agregar el odontologo
[2023-06-19 16:11:21] [ INFO ] [OdontologoService:73] Odontologo - eliminar: Se va eliminar el odontologo
[2023-06-19 16:15:14] [ INFO ] [OdontologoService:73] Odontologo - eliminar: Se va eliminar el odontologo
[2023-06-19 16:15:14] [ ERROR] [GlobalExceptionHandler:18] No class com.company.ClinicaOdontologica.entity.Odontologo entity with id 1 exists!
[2023-06-19 16:15:32] [ INFO ] [OdontologoService:67] Odontologo - guardar: Se va agregar el odontologo
[2023-06-19 16:15:34] [ INFO ] [OdontologoService:67] Odontologo - guardar: Se va agregar el odontologo
[2023-06-19 16:15:44] [ INFO ] [OdontologoService:59] Odontologo - buscarTodos: Se esta iterando el array de odontologos
[2023-06-19 16:15:44] [ INFO ] [OdontologoService:59] Odontologo - buscarTodos: Se esta iterando el array de odontologos
[2023-06-19 16:15:48] [ INFO ] [OdontologoService:73] Odontologo - eliminar: Se va eliminar el odontologo
[2023-06-19 16:15:50] [ INFO ] [OdontologoService:73] Odontologo - eliminar: Se va eliminar el odontologo
[2023-06-19 16:15:50] [ ERROR] [GlobalExceptionHandler:18] No class com.company.ClinicaOdontologica.entity.Odontologo entity with id 1 exists!
[2023-06-19 16:19:05] [ INFO ] [OdontologoService:73] Odontologo - eliminar: Se va eliminar el odontologo
[2023-06-19 16:19:05] [ ERROR] [GlobalExceptionHandler:18] No class com.company.ClinicaOdontologica.entity.Odontologo entity with id 1 exists!
[2023-06-19 16:21:31] [ INFO ] [PacienteService:77] Paciente - eliminar: Se va eliminar el paciente
[2023-06-19 16:21:31] [ ERROR] [GlobalExceptionHandler:18] No class com.company.ClinicaOdontologica.entity.Paciente entity with id 1 exists!
[2023-06-19 16:22:48] [ WARN ] [OdontologoService:49] Odontologo - buscarPorId: No se encontro ningun odontologo con ese ID
[2023-06-19 16:22:48] [ ERROR] [GlobalExceptionHandler:18] El odontologo no existe
[2023-06-19 16:23:58] [ INFO ] [DomicilioService:52] Domicilio - buscarTodos: Se va agregar el domicilio
[2023-06-19 16:23:58] [ INFO ] [DomicilioService:39] Domicilio - buscarPorId: Se ha actualizado el domicilio
[2023-06-19 16:23:58] [ INFO ] [DomicilioService:52] Domicilio - buscarTodos: Se va agregar el domicilio
[2023-06-19 16:23:58] [ INFO ] [DomicilioService:52] Domicilio - buscarTodos: Se va agregar el domicilio
[2023-06-19 16:23:58] [ INFO ] [DomicilioService:46] Domicilio - buscarTodos: Se mostrara la lista de domicilios
[2023-06-19 16:23:58] [ INFO ] [DomicilioService:52] Domicilio - buscarTodos: Se va agregar el domicilio
[2023-06-19 16:23:58] [ INFO ] [DomicilioService:52] Domicilio - buscarTodos: Se va agregar el domicilio
[2023-06-19 16:23:58] [ INFO ] [DomicilioService:58] Domicilio - buscarTodos: Se va eliminar el domicilio
[2023-06-19 16:23:58] [ INFO ] [DomicilioService:52] Domicilio - buscarTodos: Se va agregar el domicilio
[2023-06-19 16:23:58] [ INFO ] [PacienteService:71] Paciente - guardar: Se va agregar el paciente
[2023-06-19 16:23:58] [ INFO ] [OdontologoService:67] Odontologo - guardar: Se va agregar el odontologo
[2023-06-19 16:23:59] [ INFO ] [TurnoService:72] Turno - guardar: Se va agregar el turno
[2023-06-19 16:23:59] [ INFO ] [TurnoService:50] Turno - buscarPorId: Se encontro el turno y se convertira a DTO para ser devuelto
[2023-06-19 16:23:59] [ INFO ] [DomicilioService:52] Domicilio - buscarTodos: Se va agregar el domicilio
[2023-06-19 16:23:59] [ INFO ] [PacienteService:71] Paciente - guardar: Se va agregar el paciente
[2023-06-19 16:23:59] [ INFO ] [OdontologoService:67] Odontologo - guardar: Se va agregar el odontologo
[2023-06-19 16:23:59] [ INFO ] [TurnoService:72] Turno - guardar: Se va agregar el turno
[2023-06-19 16:23:59] [ INFO ] [TurnoService:64] Turno - buscarTodos: Se esta iterando el array de turnos
[2023-06-19 16:23:59] [ INFO ] [DomicilioService:52] Domicilio - buscarTodos: Se va agregar el domicilio
[2023-06-19 16:23:59] [ INFO ] [PacienteService:71] Paciente - guardar: Se va agregar el paciente
[2023-06-19 16:23:59] [ INFO ] [OdontologoService:67] Odontologo - guardar: Se va agregar el odontologo
[2023-06-19 16:23:59] [ INFO ] [TurnoService:72] Turno - guardar: Se va agregar el turno
[2023-06-19 16:23:59] [ INFO ] [DomicilioService:52] Domicilio - buscarTodos: Se va agregar el domicilio
[2023-06-19 16:23:59] [ INFO ] [PacienteService:71] Paciente - guardar: Se va agregar el paciente
[2023-06-19 16:23:59] [ INFO ] [OdontologoService:67] Odontologo - guardar: Se va agregar el odontologo
[2023-06-19 16:23:59] [ INFO ] [TurnoService:72] Turno - guardar: Se va agregar el turno
[2023-06-19 16:23:59] [ INFO ] [TurnoService:78] Turno - eliminar: Se va eliminar el turno
[2023-06-19 16:23:59] [ INFO ] [DomicilioService:52] Domicilio - buscarTodos: Se va agregar el domicilio
[2023-06-19 16:23:59] [ INFO ] [PacienteService:71] Paciente - guardar: Se va agregar el paciente
[2023-06-19 16:23:59] [ INFO ] [DomicilioService:52] Domicilio - buscarTodos: Se va agregar el domicilio
[2023-06-19 16:23:59] [ INFO ] [PacienteService:71] Paciente - guardar: Se va agregar el paciente
[2023-06-19 16:23:59] [ INFO ] [PacienteService:77] Paciente - eliminar: Se va eliminar el paciente
[2023-06-19 16:23:59] [ INFO ] [DomicilioService:52] Domicilio - buscarTodos: Se va agregar el domicilio
[2023-06-19 16:23:59] [ INFO ] [PacienteService:71] Paciente - guardar: Se va agregar el paciente
[2023-06-19 16:23:59] [ INFO ] [PacienteService:71] Paciente - guardar: Se va agregar el paciente
[2023-06-19 16:23:59] [ INFO ] [DomicilioService:46] Domicilio - buscarTodos: Se mostrara la lista de domicilios
[2023-06-19 16:23:59] [ INFO ] [DomicilioService:52] Domicilio - buscarTodos: Se va agregar el domicilio
[2023-06-19 16:23:59] [ INFO ] [PacienteService:71] Paciente - guardar: Se va agregar el paciente
[2023-06-19 16:23:59] [ INFO ] [PacienteService:49] Paciente - buscarPorId: Se encontro el paciente y se convertira a DTO para ser devuelto
[2023-06-19 16:23:59] [ INFO ] [OdontologoService:67] Odontologo - guardar: Se va agregar el odontologo
[2023-06-19 16:23:59] [ INFO ] [OdontologoService:46] Odontologo - buscarPorId: Se encontro el odontologo y se convertira a DTO para ser devuelto
[2023-06-19 16:23:59] [ INFO ] [OdontologoService:67] Odontologo - guardar: Se va agregar el odontologo
[2023-06-19 16:23:59] [ INFO ] [OdontologoService:73] Odontologo - eliminar: Se va eliminar el odontologo
[2023-06-19 16:23:59] [ INFO ] [OdontologoService:67] Odontologo - guardar: Se va agregar el odontologo
[2023-06-19 16:23:59] [ INFO ] [OdontologoService:67] Odontologo - guardar: Se va agregar el odontologo
[2023-06-19 16:23:59] [ INFO ] [OdontologoService:59] Odontologo - buscarTodos: Se esta iterando el array de odontologos
[2023-06-19 16:23:59] [ INFO ] [OdontologoService:59] Odontologo - buscarTodos: Se esta iterando el array de odontologos
[2023-06-19 16:23:59] [ INFO ] [OdontologoService:59] Odontologo - buscarTodos: Se esta iterando el array de odontologos
[2023-06-19 16:23:59] [ INFO ] [OdontologoService:59] Odontologo - buscarTodos: Se esta iterando el array de odontologos
[2023-06-19 16:23:59] [ INFO ] [OdontologoService:59] Odontologo - buscarTodos: Se esta iterando el array de odontologos
[2023-06-19 16:23:59] [ INFO ] [OdontologoService:67] Odontologo - guardar: Se va agregar el odontologo
[2023-06-19 20:41:31] [ INFO ] [PacienteService:71] Paciente - guardar: Se va agregar el paciente
[2023-06-19 20:41:34] [ INFO ] [OdontologoService:67] Odontologo - guardar: Se va agregar el odontologo
[2023-06-19 20:41:37] [ INFO ] [PacienteService:63] Paciente - buscarTodos: Se esta iterando el array de pacientes
[2023-06-19 20:41:41] [ INFO ] [OdontologoService:59] Odontologo - buscarTodos: Se esta iterando el array de odontologos
[2023-06-19 20:41:41] [ INFO ] [OdontologoService:59] Odontologo - buscarTodos: Se esta iterando el array de odontologos
[2023-06-19 20:42:01] [ INFO ] [DomicilioService:52] Domicilio - buscarTodos: Se va agregar el domicilio
[2023-06-19 20:42:07] [ INFO ] [DomicilioService:46] Domicilio - buscarTodos: Se mostrara la lista de domicilios
[2023-06-20 20:24:45] [ INFO ] [DomicilioService:52] Domicilio - buscarTodos: Se va agregar el domicilio
[2023-06-20 20:24:45] [ INFO ] [DomicilioService:39] Domicilio - buscarPorId: Se ha actualizado el domicilio
[2023-06-20 20:24:45] [ INFO ] [DomicilioService:52] Domicilio - buscarTodos: Se va agregar el domicilio
[2023-06-20 20:24:45] [ INFO ] [DomicilioService:52] Domicilio - buscarTodos: Se va agregar el domicilio
[2023-06-20 20:24:45] [ INFO ] [DomicilioService:46] Domicilio - buscarTodos: Se mostrara la lista de domicilios
[2023-06-20 20:24:45] [ INFO ] [DomicilioService:52] Domicilio - buscarTodos: Se va agregar el domicilio
[2023-06-20 20:24:45] [ INFO ] [DomicilioService:52] Domicilio - buscarTodos: Se va agregar el domicilio
[2023-06-20 20:24:45] [ INFO ] [DomicilioService:58] Domicilio - buscarTodos: Se va eliminar el domicilio
[2023-06-20 20:24:45] [ INFO ] [DomicilioService:52] Domicilio - buscarTodos: Se va agregar el domicilio
[2023-06-20 20:24:45] [ INFO ] [PacienteService:71] Paciente - guardar: Se va agregar el paciente
[2023-06-20 20:24:45] [ INFO ] [OdontologoService:67] Odontologo - guardar: Se va agregar el odontologo
[2023-06-20 20:24:45] [ INFO ] [TurnoService:72] Turno - guardar: Se va agregar el turno
[2023-06-20 20:24:45] [ INFO ] [TurnoService:50] Turno - buscarPorId: Se encontro el turno y se convertira a DTO para ser devuelto
[2023-06-20 20:24:46] [ INFO ] [DomicilioService:52] Domicilio - buscarTodos: Se va agregar el domicilio
[2023-06-20 20:24:46] [ INFO ] [PacienteService:71] Paciente - guardar: Se va agregar el paciente
[2023-06-20 20:24:46] [ INFO ] [OdontologoService:67] Odontologo - guardar: Se va agregar el odontologo
[2023-06-20 20:24:46] [ INFO ] [TurnoService:72] Turno - guardar: Se va agregar el turno
[2023-06-20 20:24:46] [ INFO ] [TurnoService:64] Turno - buscarTodos: Se esta iterando el array de turnos
[2023-06-20 20:24:46] [ INFO ] [DomicilioService:52] Domicilio - buscarTodos: Se va agregar el domicilio
[2023-06-20 20:24:46] [ INFO ] [PacienteService:71] Paciente - guardar: Se va agregar el paciente
[2023-06-20 20:24:46] [ INFO ] [OdontologoService:67] Odontologo - guardar: Se va agregar el odontologo
[2023-06-20 20:24:46] [ INFO ] [TurnoService:72] Turno - guardar: Se va agregar el turno
[2023-06-20 20:24:46] [ INFO ] [DomicilioService:52] Domicilio - buscarTodos: Se va agregar el domicilio
[2023-06-20 20:24:46] [ INFO ] [PacienteService:71] Paciente - guardar: Se va agregar el paciente
[2023-06-20 20:24:46] [ INFO ] [OdontologoService:67] Odontologo - guardar: Se va agregar el odontologo
[2023-06-20 20:24:46] [ INFO ] [TurnoService:72] Turno - guardar: Se va agregar el turno
[2023-06-20 20:24:46] [ INFO ] [TurnoService:78] Turno - eliminar: Se va eliminar el turno
[2023-06-20 20:24:46] [ INFO ] [DomicilioService:52] Domicilio - buscarTodos: Se va agregar el domicilio
[2023-06-20 20:24:46] [ INFO ] [PacienteService:71] Paciente - guardar: Se va agregar el paciente
[2023-06-20 20:24:46] [ INFO ] [DomicilioService:52] Domicilio - buscarTodos: Se va agregar el domicilio
[2023-06-20 20:24:46] [ INFO ] [PacienteService:71] Paciente - guardar: Se va agregar el paciente
[2023-06-20 20:24:46] [ INFO ] [PacienteService:77] Paciente - eliminar: Se va eliminar el paciente
[2023-06-20 20:24:46] [ INFO ] [DomicilioService:52] Domicilio - buscarTodos: Se va agregar el domicilio
[2023-06-20 20:24:46] [ INFO ] [PacienteService:71] Paciente - guardar: Se va agregar el paciente
[2023-06-20 20:24:46] [ INFO ] [PacienteService:71] Paciente - guardar: Se va agregar el paciente
[2023-06-20 20:24:46] [ INFO ] [DomicilioService:46] Domicilio - buscarTodos: Se mostrara la lista de domicilios
[2023-06-20 20:24:46] [ INFO ] [DomicilioService:52] Domicilio - buscarTodos: Se va agregar el domicilio
[2023-06-20 20:24:46] [ INFO ] [PacienteService:71] Paciente - guardar: Se va agregar el paciente
[2023-06-20 20:24:46] [ INFO ] [PacienteService:49] Paciente - buscarPorId: Se encontro el paciente y se convertira a DTO para ser devuelto
[2023-06-20 20:24:46] [ INFO ] [OdontologoService:67] Odontologo - guardar: Se va agregar el odontologo
[2023-06-20 20:24:46] [ INFO ] [OdontologoService:46] Odontologo - buscarPorId: Se encontro el odontologo y se convertira a DTO para ser devuelto
[2023-06-20 20:24:46] [ INFO ] [OdontologoService:67] Odontologo - guardar: Se va agregar el odontologo
[2023-06-20 20:24:46] [ INFO ] [OdontologoService:73] Odontologo - eliminar: Se va eliminar el odontologo
[2023-06-20 20:24:46] [ INFO ] [OdontologoService:67] Odontologo - guardar: Se va agregar el odontologo
[2023-06-20 20:24:46] [ INFO ] [OdontologoService:67] Odontologo - guardar: Se va agregar el odontologo
[2023-06-20 20:24:46] [ INFO ] [OdontologoService:59] Odontologo - buscarTodos: Se esta iterando el array de odontologos
[2023-06-20 20:24:46] [ INFO ] [OdontologoService:59] Odontologo - buscarTodos: Se esta iterando el array de odontologos
[2023-06-20 20:24:46] [ INFO ] [OdontologoService:59] Odontologo - buscarTodos: Se esta iterando el array de odontologos
[2023-06-20 20:24:46] [ INFO ] [OdontologoService:59] Odontologo - buscarTodos: Se esta iterando el array de odontologos
[2023-06-20 20:24:46] [ INFO ] [OdontologoService:59] Odontologo - buscarTodos: Se esta iterando el array de odontologos
[2023-06-20 20:24:46] [ INFO ] [OdontologoService:67] Odontologo - guardar: Se va agregar el odontologo
[2023-06-20 21:02:07] [ INFO ] [DomicilioService:46] Domicilio - buscarTodos: Se mostrara la lista de domicilios
[2023-06-21 23:05:56] [ INFO ] [DomicilioService:46] Domicilio - buscarTodos: Se mostrara la lista de domicilios
[2023-06-21 23:09:05] [ INFO ] [DomicilioService:46] Domicilio - buscarTodos: Se mostrara la lista de domicilios
[2023-06-21 23:09:08] [ INFO ] [DomicilioService:46] Domicilio - buscarTodos: Se mostrara la lista de domicilios
[2023-06-22 00:16:22] [ INFO ] [OdontologoService:67] Odontologo - guardar: Se va agregar el odontologo
[2023-06-22 00:16:24] [ INFO ] [OdontologoService:67] Odontologo - guardar: Se va agregar el odontologo
[2023-06-22 00:16:26] [ INFO ] [OdontologoService:67] Odontologo - guardar: Se va agregar el odontologo
[2023-06-22 00:31:27] [ INFO ] [OdontologoService:67] Odontologo - guardar: Se va agregar el odontologo
[2023-06-22 00:31:29] [ INFO ] [OdontologoService:67] Odontologo - guardar: Se va agregar el odontologo
[2023-06-22 00:31:32] [ INFO ] [OdontologoService:67] Odontologo - guardar: Se va agregar el odontologo
[2023-06-22 00:32:19] [ INFO ] [DomicilioService:46] Domicilio - buscarTodos: Se mostrara la lista de domicilios
[2023-06-22 00:35:29] [ INFO ] [OdontologoService:67] Odontologo - guardar: Se va agregar el odontologo
[2023-06-22 00:35:31] [ INFO ] [OdontologoService:67] Odontologo - guardar: Se va agregar el odontologo
[2023-06-22 00:35:33] [ INFO ] [OdontologoService:67] Odontologo - guardar: Se va agregar el odontologo
[2023-06-22 00:46:57] [ INFO ] [OdontologoService:67] Odontologo - guardar: Se va agregar el odontologo
[2023-06-22 00:47:00] [ INFO ] [OdontologoService:67] Odontologo - guardar: Se va agregar el odontologo
[2023-06-22 00:47:01] [ INFO ] [OdontologoService:67] Odontologo - guardar: Se va agregar el odontologo
[2023-06-22 00:48:30] [ INFO ] [OdontologoService:67] Odontologo - guardar: Se va agregar el odontologo
[2023-06-22 00:49:55] [ INFO ] [OdontologoService:67] Odontologo - guardar: Se va agregar el odontologo
[2023-06-22 00:50:44] [ INFO ] [OdontologoService:59] Odontologo - buscarTodos: Se esta iterando el array de odontologos
[2023-06-22 00:50:46] [ INFO ] [OdontologoService:59] Odontologo - buscarTodos: Se esta iterando el array de odontologos
[2023-06-22 01:08:21] [ INFO ] [DomicilioService:52] Domicilio - buscarTodos: Se va agregar el domicilio
[2023-06-22 01:08:21] [ INFO ] [DomicilioService:39] Domicilio - buscarPorId: Se ha actualizado el domicilio
[2023-06-22 01:08:21] [ INFO ] [DomicilioService:52] Domicilio - buscarTodos: Se va agregar el domicilio
[2023-06-22 01:08:21] [ INFO ] [DomicilioService:52] Domicilio - buscarTodos: Se va agregar el domicilio
[2023-06-22 01:08:21] [ INFO ] [DomicilioService:46] Domicilio - buscarTodos: Se mostrara la lista de domicilios
[2023-06-22 01:08:21] [ INFO ] [DomicilioService:52] Domicilio - buscarTodos: Se va agregar el domicilio
[2023-06-22 01:08:21] [ INFO ] [DomicilioService:52] Domicilio - buscarTodos: Se va agregar el domicilio
[2023-06-22 01:08:21] [ INFO ] [DomicilioService:58] Domicilio - buscarTodos: Se va eliminar el domicilio
[2023-06-22 01:08:21] [ INFO ] [OdontologoService:67] Odontologo - guardar: Se va agregar el odontologo
[2023-06-22 01:08:21] [ INFO ] [OdontologoService:46] Odontologo - buscarPorId: Se encontro el odontologo y se convertira a DTO para ser devuelto
[2023-06-22 01:08:21] [ INFO ] [OdontologoService:67] Odontologo - guardar: Se va agregar el odontologo
[2023-06-22 01:08:21] [ INFO ] [OdontologoService:73] Odontologo - eliminar: Se va eliminar el odontologo
[2023-06-22 01:08:22] [ INFO ] [OdontologoService:67] Odontologo - guardar: Se va agregar el odontologo
[2023-06-22 01:08:22] [ INFO ] [OdontologoService:67] Odontologo - guardar: Se va agregar el odontologo
[2023-06-22 01:08:22] [ INFO ] [OdontologoService:59] Odontologo - buscarTodos: Se esta iterando el array de odontologos
[2023-06-22 01:08:22] [ INFO ] [OdontologoService:59] Odontologo - buscarTodos: Se esta iterando el array de odontologos
[2023-06-22 01:08:22] [ INFO ] [OdontologoService:59] Odontologo - buscarTodos: Se esta iterando el array de odontologos
[2023-06-22 01:08:22] [ INFO ] [OdontologoService:67] Odontologo - guardar: Se va agregar el odontologo
[2023-06-22 01:08:22] [ INFO ] [DomicilioService:52] Domicilio - buscarTodos: Se va agregar el domicilio
[2023-06-22 01:08:22] [ INFO ] [PacienteService:71] Paciente - guardar: Se va agregar el paciente
[2023-06-22 01:08:22] [ INFO ] [DomicilioService:52] Domicilio - buscarTodos: Se va agregar el domicilio
[2023-06-22 01:08:22] [ INFO ] [PacienteService:71] Paciente - guardar: Se va agregar el paciente
[2023-06-22 01:08:22] [ INFO ] [PacienteService:77] Paciente - eliminar: Se va eliminar el paciente
[2023-06-22 01:08:22] [ INFO ] [DomicilioService:52] Domicilio - buscarTodos: Se va agregar el domicilio
[2023-06-22 01:08:22] [ INFO ] [PacienteService:71] Paciente - guardar: Se va agregar el paciente
[2023-06-22 01:08:22] [ INFO ] [PacienteService:71] Paciente - guardar: Se va agregar el paciente
[2023-06-22 01:08:22] [ INFO ] [DomicilioService:46] Domicilio - buscarTodos: Se mostrara la lista de domicilios
[2023-06-22 01:08:22] [ INFO ] [DomicilioService:52] Domicilio - buscarTodos: Se va agregar el domicilio
[2023-06-22 01:08:22] [ INFO ] [PacienteService:71] Paciente - guardar: Se va agregar el paciente
[2023-06-22 01:08:22] [ INFO ] [PacienteService:49] Paciente - buscarPorId: Se encontro el paciente y se convertira a DTO para ser devuelto
[2023-06-22 01:08:22] [ INFO ] [DomicilioService:52] Domicilio - buscarTodos: Se va agregar el domicilio
[2023-06-22 01:08:22] [ INFO ] [PacienteService:71] Paciente - guardar: Se va agregar el paciente
[2023-06-22 01:08:22] [ INFO ] [OdontologoService:67] Odontologo - guardar: Se va agregar el odontologo
[2023-06-22 01:08:22] [ INFO ] [TurnoService:72] Turno - guardar: Se va agregar el turno
[2023-06-22 01:08:22] [ INFO ] [TurnoService:50] Turno - buscarPorId: Se encontro el turno y se convertira a DTO para ser devuelto
[2023-06-22 01:08:22] [ INFO ] [DomicilioService:52] Domicilio - buscarTodos: Se va agregar el domicilio
[2023-06-22 01:08:22] [ INFO ] [PacienteService:71] Paciente - guardar: Se va agregar el paciente
[2023-06-22 01:08:22] [ INFO ] [OdontologoService:67] Odontologo - guardar: Se va agregar el odontologo
[2023-06-22 01:08:22] [ INFO ] [TurnoService:72] Turno - guardar: Se va agregar el turno
[2023-06-22 01:08:22] [ INFO ] [TurnoService:64] Turno - buscarTodos: Se esta iterando el array de turnos
[2023-06-22 01:08:22] [ INFO ] [DomicilioService:52] Domicilio - buscarTodos: Se va agregar el domicilio
[2023-06-22 01:08:22] [ INFO ] [PacienteService:71] Paciente - guardar: Se va agregar el paciente
[2023-06-22 01:08:22] [ INFO ] [OdontologoService:67] Odontologo - guardar: Se va agregar el odontologo
[2023-06-22 01:08:22] [ INFO ] [TurnoService:72] Turno - guardar: Se va agregar el turno
[2023-06-22 01:08:22] [ INFO ] [DomicilioService:52] Domicilio - buscarTodos: Se va agregar el domicilio
[2023-06-22 01:08:22] [ INFO ] [PacienteService:71] Paciente - guardar: Se va agregar el paciente
[2023-06-22 01:08:22] [ INFO ] [OdontologoService:67] Odontologo - guardar: Se va agregar el odontologo
[2023-06-22 01:08:22] [ INFO ] [TurnoService:72] Turno - guardar: Se va agregar el turno
[2023-06-22 01:08:22] [ INFO ] [TurnoService:78] Turno - eliminar: Se va eliminar el turno
[2023-06-22 01:08:56] [ INFO ] [OdontologoService:59] Odontologo - buscarTodos: Se esta iterando el array de odontologos
[2023-06-22 01:09:01] [ INFO ] [OdontologoService:59] Odontologo - buscarTodos: Se esta iterando el array de odontologos
[2023-06-22 19:02:35] [ INFO ] [DomicilioService:52] Domicilio - buscarTodos: Se va agregar el domicilio
[2023-06-22 19:02:35] [ INFO ] [DomicilioService:39] Domicilio - buscarPorId: Se ha actualizado el domicilio
[2023-06-22 19:02:35] [ INFO ] [DomicilioService:52] Domicilio - buscarTodos: Se va agregar el domicilio
[2023-06-22 19:02:35] [ INFO ] [DomicilioService:52] Domicilio - buscarTodos: Se va agregar el domicilio
[2023-06-22 19:02:35] [ INFO ] [DomicilioService:46] Domicilio - buscarTodos: Se mostrara la lista de domicilios
[2023-06-22 19:02:35] [ INFO ] [DomicilioService:52] Domicilio - buscarTodos: Se va agregar el domicilio
[2023-06-22 19:02:35] [ INFO ] [DomicilioService:52] Domicilio - buscarTodos: Se va agregar el domicilio
[2023-06-22 19:02:35] [ INFO ] [DomicilioService:58] Domicilio - buscarTodos: Se va eliminar el domicilio
[2023-06-22 19:02:35] [ INFO ] [OdontologoService:67] Odontologo - guardar: Se va agregar el odontologo
[2023-06-22 19:02:35] [ INFO ] [OdontologoService:46] Odontologo - buscarPorId: Se encontro el odontologo y se convertira a DTO para ser devuelto
[2023-06-22 19:02:35] [ INFO ] [OdontologoService:67] Odontologo - guardar: Se va agregar el odontologo
[2023-06-22 19:02:35] [ INFO ] [OdontologoService:73] Odontologo - eliminar: Se va eliminar el odontologo
[2023-06-22 19:02:36] [ INFO ] [OdontologoService:67] Odontologo - guardar: Se va agregar el odontologo
[2023-06-22 19:02:36] [ INFO ] [OdontologoService:67] Odontologo - guardar: Se va agregar el odontologo
[2023-06-22 19:02:36] [ INFO ] [OdontologoService:59] Odontologo - buscarTodos: Se esta iterando el array de odontologos
[2023-06-22 19:02:36] [ INFO ] [OdontologoService:59] Odontologo - buscarTodos: Se esta iterando el array de odontologos
[2023-06-22 19:02:36] [ INFO ] [OdontologoService:59] Odontologo - buscarTodos: Se esta iterando el array de odontologos
[2023-06-22 19:02:36] [ INFO ] [OdontologoService:67] Odontologo - guardar: Se va agregar el odontologo
[2023-06-22 19:02:36] [ INFO ] [DomicilioService:52] Domicilio - buscarTodos: Se va agregar el domicilio
[2023-06-22 19:02:36] [ INFO ] [PacienteService:71] Paciente - guardar: Se va agregar el paciente
[2023-06-22 19:02:36] [ INFO ] [DomicilioService:52] Domicilio - buscarTodos: Se va agregar el domicilio
[2023-06-22 19:02:36] [ INFO ] [PacienteService:71] Paciente - guardar: Se va agregar el paciente
[2023-06-22 19:02:36] [ INFO ] [PacienteService:77] Paciente - eliminar: Se va eliminar el paciente
[2023-06-22 19:02:36] [ INFO ] [DomicilioService:52] Domicilio - buscarTodos: Se va agregar el domicilio
[2023-06-22 19:02:36] [ INFO ] [PacienteService:71] Paciente - guardar: Se va agregar el paciente
[2023-06-22 19:02:36] [ INFO ] [PacienteService:71] Paciente - guardar: Se va agregar el paciente
[2023-06-22 19:02:36] [ INFO ] [DomicilioService:46] Domicilio - buscarTodos: Se mostrara la lista de domicilios
[2023-06-22 19:02:36] [ INFO ] [DomicilioService:52] Domicilio - buscarTodos: Se va agregar el domicilio
[2023-06-22 19:02:36] [ INFO ] [PacienteService:71] Paciente - guardar: Se va agregar el paciente
[2023-06-22 19:02:36] [ INFO ] [PacienteService:49] Paciente - buscarPorId: Se encontro el paciente y se convertira a DTO para ser devuelto
[2023-06-22 19:02:36] [ INFO ] [DomicilioService:52] Domicilio - buscarTodos: Se va agregar el domicilio
[2023-06-22 19:02:36] [ INFO ] [PacienteService:71] Paciente - guardar: Se va agregar el paciente
[2023-06-22 19:02:36] [ INFO ] [OdontologoService:67] Odontologo - guardar: Se va agregar el odontologo
[2023-06-22 19:02:36] [ INFO ] [TurnoService:72] Turno - guardar: Se va agregar el turno
[2023-06-22 19:02:36] [ INFO ] [TurnoService:50] Turno - buscarPorId: Se encontro el turno y se convertira a DTO para ser devuelto
[2023-06-22 19:02:36] [ INFO ] [DomicilioService:52] Domicilio - buscarTodos: Se va agregar el domicilio
[2023-06-22 19:02:36] [ INFO ] [PacienteService:71] Paciente - guardar: Se va agregar el paciente
[2023-06-22 19:02:36] [ INFO ] [OdontologoService:67] Odontologo - guardar: Se va agregar el odontologo
[2023-06-22 19:02:36] [ INFO ] [TurnoService:72] Turno - guardar: Se va agregar el turno
[2023-06-22 19:02:36] [ INFO ] [TurnoService:64] Turno - buscarTodos: Se esta iterando el array de turnos
[2023-06-22 19:02:36] [ INFO ] [DomicilioService:52] Domicilio - buscarTodos: Se va agregar el domicilio
[2023-06-22 19:02:36] [ INFO ] [PacienteService:71] Paciente - guardar: Se va agregar el paciente
[2023-06-22 19:02:36] [ INFO ] [OdontologoService:67] Odontologo - guardar: Se va agregar el odontologo
[2023-06-22 19:02:36] [ INFO ] [TurnoService:72] Turno - guardar: Se va agregar el turno
[2023-06-22 19:02:36] [ INFO ] [DomicilioService:52] Domicilio - buscarTodos: Se va agregar el domicilio
[2023-06-22 19:02:36] [ INFO ] [PacienteService:71] Paciente - guardar: Se va agregar el paciente
[2023-06-22 19:02:36] [ INFO ] [OdontologoService:67] Odontologo - guardar: Se va agregar el odontologo
[2023-06-22 19:02:36] [ INFO ] [TurnoService:72] Turno - guardar: Se va agregar el turno
[2023-06-22 19:02:36] [ INFO ] [TurnoService:78] Turno - eliminar: Se va eliminar el turno
[2023-06-22 19:06:14] [ INFO ] [OdontologoService:67] Odontologo - guardar: Se va agregar el odontologo
[2023-06-22 19:06:17] [ INFO ] [OdontologoService:59] Odontologo - buscarTodos: Se esta iterando el array de odontologos
[2023-06-22 19:18:46] [ INFO ] [OdontologoService:67] Odontologo - guardar: Se va agregar el odontologo
[2023-06-22 19:18:49] [ INFO ] [OdontologoService:67] Odontologo - guardar: Se va agregar el odontologo
[2023-06-22 19:18:54] [ INFO ] [OdontologoService:59] Odontologo - buscarTodos: Se esta iterando el array de odontologos
[2023-06-22 19:18:54] [ INFO ] [OdontologoService:59] Odontologo - buscarTodos: Se esta iterando el array de odontologos
[2023-06-22 19:19:16] [ INFO ] [OdontologoService:59] Odontologo - buscarTodos: Se esta iterando el array de odontologos
[2023-06-22 19:19:16] [ INFO ] [OdontologoService:59] Odontologo - buscarTodos: Se esta iterando el array de odontologos
[2023-06-22 19:21:56] [ INFO ] [DomicilioService:46] Domicilio - buscarTodos: Se mostrara la lista de domicilios
[2023-06-22 19:25:10] [ INFO ] [OdontologoService:59] Odontologo - buscarTodos: Se esta iterando el array de odontologos
[2023-06-22 19:25:10] [ INFO ] [OdontologoService:59] Odontologo - buscarTodos: Se esta iterando el array de odontologos
[2023-06-22 19:30:00] [ INFO ] [OdontologoService:59] Odontologo - buscarTodos: Se esta iterando el array de odontologos
[2023-06-22 19:30:00] [ INFO ] [OdontologoService:59] Odontologo - buscarTodos: Se esta iterando el array de odontologos
[2023-06-22 19:35:51] [ INFO ] [OdontologoService:59] Odontologo - buscarTodos: Se esta iterando el array de odontologos
[2023-06-22 19:35:51] [ INFO ] [OdontologoService:59] Odontologo - buscarTodos: Se esta iterando el array de odontologos
[2023-06-22 19:44:22] [ INFO ] [OdontologoService:67] Odontologo - guardar: Se va agregar el odontologo
[2023-06-22 19:44:24] [ INFO ] [OdontologoService:67] Odontologo - guardar: Se va agregar el odontologo
[2023-06-22 19:44:28] [ INFO ] [OdontologoService:59] Odontologo - buscarTodos: Se esta iterando el array de odontologos
[2023-06-22 19:44:28] [ INFO ] [OdontologoService:59] Odontologo - buscarTodos: Se esta iterando el array de odontologos
[2023-06-22 19:44:34] [ INFO ] [OdontologoService:59] Odontologo - buscarTodos: Se esta iterando el array de odontologos
[2023-06-22 19:44:34] [ INFO ] [OdontologoService:59] Odontologo - buscarTodos: Se esta iterando el array de odontologos
[2023-06-22 19:52:38] [ INFO ] [OdontologoService:67] Odontologo - guardar: Se va agregar el odontologo
[2023-06-22 19:52:40] [ INFO ] [OdontologoService:67] Odontologo - guardar: Se va agregar el odontologo
[2023-06-22 19:52:44] [ INFO ] [OdontologoService:67] Odontologo - guardar: Se va agregar el odontologo
[2023-06-22 19:52:48] [ INFO ] [OdontologoService:59] Odontologo - buscarTodos: Se esta iterando el array de odontologos
[2023-06-22 19:52:48] [ INFO ] [OdontologoService:59] Odontologo - buscarTodos: Se esta iterando el array de odontologos
[2023-06-22 19:52:48] [ INFO ] [OdontologoService:59] Odontologo - buscarTodos: Se esta iterando el array de odontologos
[2023-06-22 19:58:43] [ INFO ] [OdontologoService:67] Odontologo - guardar: Se va agregar el odontologo
[2023-06-22 19:58:45] [ INFO ] [OdontologoService:59] Odontologo - buscarTodos: Se esta iterando el array de odontologos
[2023-06-22 20:01:33] [ INFO ] [OdontologoService:59] Odontologo - buscarTodos: Se esta iterando el array de odontologos
[2023-06-22 20:03:22] [ INFO ] [OdontologoService:67] Odontologo - guardar: Se va agregar el odontologo
[2023-06-22 20:03:24] [ INFO ] [OdontologoService:67] Odontologo - guardar: Se va agregar el odontologo
[2023-06-22 20:03:29] [ INFO ] [OdontologoService:59] Odontologo - buscarTodos: Se esta iterando el array de odontologos
[2023-06-22 20:03:29] [ INFO ] [OdontologoService:59] Odontologo - buscarTodos: Se esta iterando el array de odontologos
[2023-06-22 20:12:01] [ INFO ] [OdontologoService:67] Odontologo - guardar: Se va agregar el odontologo
[2023-06-22 20:12:06] [ INFO ] [OdontologoService:59] Odontologo - buscarTodos: Se esta iterando el array de odontologos
[2023-06-22 20:25:03] [ INFO ] [OdontologoService:67] Odontologo - guardar: Se va agregar el odontologo
[2023-06-22 20:25:11] [ INFO ] [OdontologoService:59] Odontologo - buscarTodos: Se esta iterando el array de odontologos
[2023-06-22 20:25:13] [ INFO ] [OdontologoService:46] Odontologo - buscarPorId: Se encontro el odontologo y se convertira a DTO para ser devuelto
[2023-06-22 20:28:51] [ INFO ] [OdontologoService:46] Odontologo - buscarPorId: Se encontro el odontologo y se convertira a DTO para ser devuelto
[2023-06-22 20:30:38] [ INFO ] [OdontologoService:67] Odontologo - guardar: Se va agregar el odontologo
[2023-06-22 20:30:46] [ INFO ] [OdontologoService:59] Odontologo - buscarTodos: Se esta iterando el array de odontologos
[2023-06-22 20:30:47] [ INFO ] [OdontologoService:46] Odontologo - buscarPorId: Se encontro el odontologo y se convertira a DTO para ser devuelto
[2023-06-22 20:30:56] [ INFO ] [OdontologoService:37] Odontologo - actualizar: Se va actualizar el odontologo
[2023-06-22 20:30:57] [ INFO ] [OdontologoService:67] Odontologo - guardar: Se va agregar el odontologo
[2023-06-22 20:30:57] [ INFO ] [OdontologoService:59] Odontologo - buscarTodos: Se esta iterando el array de odontologos
[2023-06-22 20:36:28] [ INFO ] [OdontologoService:59] Odontologo - buscarTodos: Se esta iterando el array de odontologos
[2023-06-22 20:36:34] [ INFO ] [OdontologoService:46] Odontologo - buscarPorId: Se encontro el odontologo y se convertira a DTO para ser devuelto
[2023-06-22 20:36:39] [ INFO ] [OdontologoService:37] Odontologo - actualizar: Se va actualizar el odontologo
[2023-06-22 20:36:39] [ INFO ] [OdontologoService:67] Odontologo - guardar: Se va agregar el odontologo
[2023-06-22 20:36:39] [ INFO ] [OdontologoService:59] Odontologo - buscarTodos: Se esta iterando el array de odontologos
[2023-06-22 20:52:43] [ INFO ] [OdontologoService:67] Odontologo - guardar: Se va agregar el odontologo
[2023-06-22 20:52:48] [ INFO ] [OdontologoService:59] Odontologo - buscarTodos: Se esta iterando el array de odontologos
[2023-06-22 20:55:56] [ INFO ] [OdontologoService:67] Odontologo - guardar: Se va agregar el odontologo
[2023-06-22 20:55:58] [ INFO ] [OdontologoService:59] Odontologo - buscarTodos: Se esta iterando el array de odontologos
[2023-06-22 21:12:58] [ INFO ] [OdontologoService:67] Odontologo - guardar: Se va agregar el odontologo
[2023-06-22 21:13:00] [ INFO ] [OdontologoService:67] Odontologo - guardar: Se va agregar el odontologo
[2023-06-22 21:13:05] [ INFO ] [OdontologoService:59] Odontologo - buscarTodos: Se esta iterando el array de odontologos
[2023-06-22 21:13:05] [ INFO ] [OdontologoService:59] Odontologo - buscarTodos: Se esta iterando el array de odontologos
[2023-06-22 21:13:12] [ INFO ] [OdontologoService:59] Odontologo - buscarTodos: Se esta iterando el array de odontologos
[2023-06-22 21:13:12] [ INFO ] [OdontologoService:59] Odontologo - buscarTodos: Se esta iterando el array de odontologos
[2023-06-22 21:13:20] [ INFO ] [OdontologoService:59] Odontologo - buscarTodos: Se esta iterando el array de odontologos
[2023-06-22 21:13:20] [ INFO ] [OdontologoService:59] Odontologo - buscarTodos: Se esta iterando el array de odontologos
[2023-06-22 21:13:23] [ INFO ] [OdontologoService:59] Odontologo - buscarTodos: Se esta iterando el array de odontologos
[2023-06-22 21:13:23] [ INFO ] [OdontologoService:59] Odontologo - buscarTodos: Se esta iterando el array de odontologos
[2023-06-22 21:14:26] [ INFO ] [OdontologoService:67] Odontologo - guardar: Se va agregar el odontologo
[2023-06-22 21:14:31] [ INFO ] [OdontologoService:59] Odontologo - buscarTodos: Se esta iterando el array de odontologos
[2023-06-22 21:14:36] [ INFO ] [OdontologoService:59] Odontologo - buscarTodos: Se esta iterando el array de odontologos
[2023-06-22 21:14:39] [ INFO ] [OdontologoService:46] Odontologo - buscarPorId: Se encontro el odontologo y se convertira a DTO para ser devuelto
[2023-06-22 21:14:40] [ INFO ] [OdontologoService:46] Odontologo - buscarPorId: Se encontro el odontologo y se convertira a DTO para ser devuelto
[2023-06-22 21:14:43] [ INFO ] [OdontologoService:59] Odontologo - buscarTodos: Se esta iterando el array de odontologos
[2023-06-22 21:16:48] [ INFO ] [OdontologoService:59] Odontologo - buscarTodos: Se esta iterando el array de odontologos
[2023-06-22 21:16:50] [ INFO ] [OdontologoService:59] Odontologo - buscarTodos: Se esta iterando el array de odontologos
[2023-06-22 21:17:43] [ INFO ] [OdontologoService:59] Odontologo - buscarTodos: Se esta iterando el array de odontologos
[2023-06-22 21:20:21] [ INFO ] [OdontologoService:59] Odontologo - buscarTodos: Se esta iterando el array de odontologos
[2023-06-22 21:20:33] [ INFO ] [OdontologoService:59] Odontologo - buscarTodos: Se esta iterando el array de odontologos
[2023-06-22 21:27:21] [ INFO ] [OdontologoService:67] Odontologo - guardar: Se va agregar el odontologo
[2023-06-22 21:27:34] [ INFO ] [OdontologoService:59] Odontologo - buscarTodos: Se esta iterando el array de odontologos
[2023-06-22 21:27:35] [ INFO ] [OdontologoService:59] Odontologo - buscarTodos: Se esta iterando el array de odontologos
[2023-06-22 21:27:50] [ INFO ] [OdontologoService:59] Odontologo - buscarTodos: Se esta iterando el array de odontologos
[2023-06-22 21:28:02] [ INFO ] [OdontologoService:59] Odontologo - buscarTodos: Se esta iterando el array de odontologos
[2023-06-22 21:28:03] [ INFO ] [OdontologoService:59] Odontologo - buscarTodos: Se esta iterando el array de odontologos
[2023-06-22 21:28:04] [ INFO ] [OdontologoService:46] Odontologo - buscarPorId: Se encontro el odontologo y se convertira a DTO para ser devuelto
[2023-06-22 21:28:51] [ INFO ] [OdontologoService:59] Odontologo - buscarTodos: Se esta iterando el array de odontologos
[2023-06-22 21:28:54] [ INFO ] [OdontologoService:59] Odontologo - buscarTodos: Se esta iterando el array de odontologos
